1000 1
9000 1
0100 1
0900 1
0010 1
0090 1
0001 1
0009 1
2000 2
1100 2
1900 2
1010 2
1090 2
1001 2
1009 2
8000 2
9100 2
9900 2
9010 2
9090 2
9001 2
9009 2
0200 2
0110 2
0190 2
0101 2
0109 2
0800 2
0910 2
0990 2
0901 2
0909 2
0020 2
0011 2
0019 2
0080 2
0091 2
0099 2
0002 2
0008 2
3000 3
2100 3
2900 3
2010 3
2090 3
2001 3
2009 3
1200 3
1110 3
1190 3
1101 3
1109 3
1800 3
1910 3
1990 3
1901 3
1909 3
1020 3
1011 3
1019 3
1080 3
1091 3
1099 3
1002 3
1008 3
7000 3
8100 3
8900 3
8010 3
8090 3
8001 3
8009 3
9200 3
9110 3
9190 3
9101 3
9109 3
9800 3
9910 3
9990 3
9901 3
9909 3
9020 3
9011 3
9019 3
9080 3
9091 3
9099 3
9002 3
9008 3
0300 3
0210 3
0290 3
0201 3
0209 3
0120 3
0111 3
0119 3
0180 3
0191 3
0199 3
0102 3
0108 3
0700 3
0810 3
0890 3
0801 3
0809 3
0920 3
0911 3
0919 3
0980 3
0991 3
0999 3
0902 3
0908 3
0030 3
0021 3
0029 3
0012 3
0018 3
0070 3
0081 3
0089 3
0092 3
0098 3
0003 3
0007 3
4000 4
3100 4
3900 4
3010 4
3090 4
3001 4
3009 4
2200 4
2110 4
2190 4
2101 4
2109 4
2800 4
2910 4
2990 4
2901 4
2909 4
2020 4
2011 4
2019 4
2080 4
2091 4
2099 4
2002 4
2008 4
1300 4
1210 4
1290 4
1201 4
1209 4
1120 4
1111 4
1119 4
1180 4
1191 4
1199 4
1102 4
1108 4
1700 4
1810 4
1890 4
1801 4
1809 4
1920 4
1911 4
1919 4
1980 4
1991 4
1999 4
1902 4
1908 4
1030 4
1021 4
1029 4
1012 4
1018 4
1070 4
1081 4
1089 4
1092 4
1098 4
1003 4
1007 4
6000 4
7100 4
7900 4
7010 4
7090 4
7001 4
7009 4
8200 4
8110 4
8190 4
8101 4
8109 4
8800 4
8910 4
8990 4
8901 4
8909 4
8020 4
8011 4
8019 4
8080 4
8091 4
8099 4
8002 4
8008 4
9300 4
9210 4
9290 4
9201 4
9209 4
9120 4
9111 4
9119 4
9180 4
9191 4
9199 4
9102 4
9108 4
9700 4
9810 4
9890 4
9801 4
9809 4
9920 4
9911 4
9919 4
9980 4
9991 4
9999 4
9902 4
9908 4
9030 4
9021 4
9029 4
9012 4
9018 4
9070 4
9081 4
9089 4
9092 4
9098 4
9003 4
9007 4
0400 4
0310 4
0390 4
0301 4
0309 4
0220 4
0211 4
0219 4
0280 4
0291 4
0299 4
0202 4
0208 4
0130 4
0121 4
0129 4
0112 4
0118 4
0170 4
0181 4
0189 4
0192 4
0198 4
0103 4
0107 4
0600 4
0710 4
0790 4
0701 4
0709 4
0820 4
0811 4
0819 4
0880 4
0891 4
0899 4
0802 4
0808 4
0930 4
0921 4
0929 4
0912 4
0918 4
0970 4
0981 4
0989 4
0992 4
0998 4
0903 4
0907 4
0040 4
0031 4
0039 4
0022 4
0028 4
0013 4
0017 4
0060 4
0071 4
0079 4
0082 4
0088 4
0093 4
0097 4
0004 4
0006 4
5000 5
4100 5
4900 5
4010 5
4090 5
4001 5
4009 5
3200 5
3110 5
3190 5
3101 5
3109 5
3800 5
3910 5
3990 5
3901 5
3909 5
3020 5
3011 5
3019 5
3080 5
3091 5
3099 5
3002 5
3008 5
2300 5
2210 5
2290 5
2201 5
2209 5
2120 5
2111 5
2119 5
2180 5
2191 5
2199 5
2102 5
2108 5
2700 5
2810 5
2890 5
2801 5
2809 5
2920 5
2911 5
2919 5
2980 5
2991 5
2999 5
2902 5
2908 5
2030 5
2021 5
2029 5
2012 5
2018 5
2070 5
2081 5
2089 5
2092 5
2098 5
2003 5
2007 5
1400 5
1310 5
1390 5
1301 5
1309 5
1220 5
1211 5
1219 5
1280 5
1291 5
1299 5
1202 5
1208 5
1130 5
1121 5
1129 5
1112 5
1118 5
1170 5
1181 5
1189 5
1192 5
1198 5
1103 5
1107 5
1600 5
1710 5
1790 5
1701 5
1709 5
1820 5
1811 5
1819 5
1880 5
1891 5
1899 5
1802 5
1808 5
1930 5
1921 5
1929 5
1912 5
1918 5
1970 5
1981 5
1989 5
1992 5
1998 5
1903 5
1907 5
1040 5
1031 5
1039 5
1022 5
1028 5
1013 5
1017 5
1060 5
1071 5
1079 5
1082 5
1088 5
1093 5
1097 5
1004 5
1006 5
6100 5
6900 5
6010 5
6090 5
6001 5
6009 5
7200 5
7110 5
7190 5
7101 5
7109 5
7800 5
7910 5
7990 5
7901 5
7909 5
7020 5
7011 5
7019 5
7080 5
7091 5
7099 5
7002 5
7008 5
8300 5
8210 5
8290 5
8201 5
8209 5
8120 5
8111 5
8119 5
8180 5
8191 5
8199 5
8102 5
8108 5
8700 5
8810 5
8890 5
8801 5
8809 5
8920 5
8911 5
8919 5
8980 5
8991 5
8999 5
8902 5
8908 5
8030 5
8021 5
8029 5
8012 5
8018 5
8070 5
8081 5
8089 5
8092 5
8098 5
8003 5
8007 5
9400 5
9310 5
9390 5
9301 5
9309 5
9220 5
9211 5
9219 5
9280 5
9291 5
9299 5
9202 5
9208 5
9130 5
9121 5
9129 5
9112 5
9118 5
9170 5
9181 5
9189 5
9192 5
9198 5
9103 5
9107 5
9600 5
9710 5
9790 5
9701 5
9709 5
9820 5
9811 5
9819 5
9880 5
9891 5
9899 5
9802 5
9808 5
9930 5
9921 5
9929 5
9912 5
9918 5
9970 5
9981 5
9989 5
9992 5
9998 5
9903 5
9907 5
9040 5
9031 5
9039 5
9022 5
9028 5
9013 5
9017 5
9060 5
9071 5
9079 5
9082 5
9088 5
9093 5
9097 5
9004 5
9006 5
0500 5
0410 5
0490 5
0401 5
0409 5
0320 5
0311 5
0319 5
0380 5
0391 5
0399 5
0302 5
0308 5
0230 5
0221 5
0229 5
0212 5
0218 5
0270 5
0281 5
0289 5
0292 5
0298 5
0203 5
0207 5
0140 5
0131 5
0139 5
0122 5
0128 5
0113 5
0117 5
0160 5
0171 5
0179 5
0182 5
0188 5
0193 5
0197 5
0104 5
0106 5
0610 5
0690 5
0601 5
0609 5
0720 5
0711 5
0719 5
0780 5
0791 5
0799 5
0702 5
0708 5
0830 5
0821 5
0829 5
0812 5
0818 5
0870 5
0881 5
0889 5
0892 5
0898 5
0803 5
0807 5
0940 5
0931 5
0939 5
0922 5
0928 5
0913 5
0917 5
0960 5
0971 5
0979 5
0982 5
0988 5
0993 5
0997 5
0904 5
0906 5
0050 5
0041 5
0049 5
0032 5
0038 5
0023 5
0027 5
0014 5
0016 5
0061 5
0069 5
0072 5
0078 5
0083 5
0087 5
0094 5
0096 5
0005 5
5100 6
5900 6
5010 6
5090 6
5001 6
5009 6
4200 6
4110 6
4190 6
4101 6
4109 6
4800 6
4910 6
4990 6
4901 6
4909 6
4020 6
4011 6
4019 6
4080 6
4091 6
4099 6
4002 6
4008 6
3300 6
3210 6
3290 6
3201 6
3209 6
3120 6
3111 6
3119 6
3180 6
3191 6
3199 6
3102 6
3108 6
3700 6
3810 6
3890 6
3801 6
3809 6
3920 6
3911 6
3919 6
3980 6
3991 6
3999 6
3902 6
3908 6
3030 6
3021 6
3029 6
3012 6
3018 6
3070 6
3081 6
3089 6
3092 6
3098 6
3003 6
3007 6
2400 6
2310 6
2390 6
2301 6
2309 6
2220 6
2211 6
2219 6
2280 6
2291 6
2299 6
2202 6
2208 6
2130 6
2121 6
2129 6
2112 6
2118 6
2170 6
2181 6
2189 6
2192 6
2198 6
2103 6
2107 6
2600 6
2710 6
2790 6
2701 6
2709 6
2820 6
2811 6
2819 6
2880 6
2891 6
2899 6
2802 6
2808 6
2930 6
2921 6
2929 6
2912 6
2918 6
2970 6
2981 6
2989 6
2992 6
2998 6
2903 6
2907 6
2040 6
2031 6
2039 6
2022 6
2028 6
2013 6
2017 6
2060 6
2071 6
2079 6
2082 6
2088 6
2093 6
2097 6
2004 6
2006 6
1500 6
1410 6
1490 6
1401 6
1409 6
1320 6
1311 6
1319 6
1380 6
1391 6
1399 6
1302 6
1308 6
1230 6
1221 6
1229 6
1212 6
1218 6
1270 6
1281 6
1289 6
1292 6
1298 6
1203 6
1207 6
1140 6
1131 6
1139 6
1122 6
1128 6
1113 6
1117 6
1160 6
1171 6
1179 6
1182 6
1188 6
1193 6
1197 6
1104 6
1106 6
1610 6
1690 6
1601 6
1609 6
1720 6
1711 6
1719 6
1780 6
1791 6
1799 6
1702 6
1708 6
1830 6
1821 6
1829 6
1812 6
1818 6
1870 6
1881 6
1889 6
1892 6
1898 6
1803 6
1807 6
1940 6
1931 6
1939 6
1922 6
1928 6
1913 6
1917 6
1960 6
1971 6
1979 6
1982 6
1988 6
1993 6
1997 6
1904 6
1906 6
1050 6
1041 6
1049 6
1032 6
1038 6
1023 6
1027 6
1014 6
1016 6
1061 6
1069 6
1072 6
1078 6
1083 6
1087 6
1094 6
1096 6
1005 6
6200 6
6110 6
6190 6
6101 6
6109 6
6800 6
6910 6
6990 6
6901 6
6909 6
6020 6
6011 6
6019 6
6080 6
6091 6
6099 6
6002 6
6008 6
7300 6
7210 6
7290 6
7201 6
7209 6
7120 6
7111 6
7119 6
7180 6
7191 6
7199 6
7102 6
7108 6
7700 6
7810 6
7890 6
7801 6
7809 6
7920 6
7911 6
7919 6
7980 6
7991 6
7999 6
7902 6
7908 6
7030 6
7021 6
7029 6
7012 6
7018 6
7070 6
7081 6
7089 6
7092 6
7098 6
7003 6
7007 6
8400 6
8310 6
8390 6
8301 6
8309 6
8220 6
8211 6
8219 6
8280 6
8291 6
8299 6
8202 6
8208 6
8130 6
8121 6
8129 6
8112 6
8118 6
8170 6
8181 6
8189 6
8192 6
8198 6
8103 6
8107 6
8600 6
8710 6
8790 6
8701 6
8709 6
8820 6
8811 6
8819 6
8880 6
8891 6
8899 6
8802 6
8808 6
8930 6
8921 6
8929 6
8912 6
8918 6
8970 6
8981 6
8989 6
8992 6
8998 6
8903 6
8907 6
8040 6
8031 6
8039 6
8022 6
8028 6
8013 6
8017 6
8060 6
8071 6
8079 6
8082 6
8088 6
8093 6
8097 6
8004 6
8006 6
9500 6
9410 6
9490 6
9401 6
9409 6
9320 6
9311 6
9319 6
9380 6
9391 6
9399 6
9302 6
9308 6
9230 6
9221 6
9229 6
9212 6
9218 6
9270 6
9281 6
9289 6
9292 6
9298 6
9203 6
9207 6
9140 6
9131 6
9139 6
9122 6
9128 6
9113 6
9117 6
9160 6
9171 6
9179 6
9182 6
9188 6
9193 6
9197 6
9104 6
9106 6
9610 6
9690 6
9601 6
9609 6
9720 6
9711 6
9719 6
9780 6
9791 6
9799 6
9702 6
9708 6
9830 6
9821 6
9829 6
9812 6
9818 6
9870 6
9881 6
9889 6
9892 6
9898 6
9803 6
9807 6
9940 6
9931 6
9939 6
9922 6
9928 6
9913 6
9917 6
9960 6
9971 6
9979 6
9982 6
9988 6
9993 6
9997 6
9904 6
9906 6
9050 6
9041 6
9049 6
9032 6
9038 6
9023 6
9027 6
9014 6
9016 6
9061 6
9069 6
9072 6
9078 6
9083 6
9087 6
9094 6
9096 6
9005 6
0510 6
0590 6
0501 6
0509 6
0420 6
0411 6
0419 6
0480 6
0491 6
0499 6
0402 6
0408 6
0330 6
0321 6
0329 6
0312 6
0318 6
0370 6
0381 6
0389 6
0392 6
0398 6
0303 6
0307 6
0240 6
0231 6
0239 6
0222 6
0228 6
0213 6
0217 6
0260 6
0271 6
0279 6
0282 6
0288 6
0293 6
0297 6
0204 6
0206 6
0150 6
0141 6
0149 6
0132 6
0138 6
0123 6
0127 6
0114 6
0116 6
0161 6
0169 6
0172 6
0178 6
0183 6
0187 6
0194 6
0196 6
0105 6
0620 6
0611 6
0619 6
0680 6
0691 6
0699 6
0602 6
0608 6
0730 6
0721 6
0729 6
0712 6
0718 6
0770 6
0781 6
0789 6
0792 6
0798 6
0703 6
0707 6
0840 6
0831 6
0839 6
0822 6
0828 6
0813 6
0817 6
0860 6
0871 6
0879 6
0882 6
0888 6
0893 6
0897 6
0804 6
0806 6
0950 6
0941 6
0949 6
0932 6
0938 6
0923 6
0927 6
0914 6
0916 6
0961 6
0969 6
0972 6
0978 6
0983 6
0987 6
0994 6
0996 6
0905 6
0051 6
0059 6
0042 6
0048 6
0033 6
0037 6
0024 6
0026 6
0015 6
0062 6
0068 6
0073 6
0077 6
0084 6
0086 6
0095 6
5200 7
5110 7
5190 7
5101 7
5109 7
5800 7
5910 7
5990 7
5901 7
5909 7
5020 7
5011 7
5019 7
5080 7
5091 7
5099 7
5002 7
5008 7
4300 7
4210 7
4290 7
4201 7
4209 7
4120 7
4111 7
4119 7
4180 7
4191 7
4199 7
4102 7
4108 7
4700 7
4810 7
4890 7
4801 7
4809 7
4920 7
4911 7
4919 7
4980 7
4991 7
4999 7
4902 7
4908 7
4030 7
4021 7
4029 7
4012 7
4018 7
4070 7
4081 7
4089 7
4092 7
4098 7
4003 7
4007 7
3400 7
3310 7
3390 7
3301 7
3309 7
3220 7
3211 7
3219 7
3280 7
3291 7
3299 7
3202 7
3208 7
3130 7
3121 7
3129 7
3112 7
3118 7
3170 7
3181 7
3189 7
3192 7
3198 7
3103 7
3107 7
3600 7
3710 7
3790 7
3701 7
3709 7
3820 7
3811 7
3819 7
3880 7
3891 7
3899 7
3802 7
3808 7
3930 7
3921 7
3929 7
3912 7
3918 7
3970 7
3981 7
3989 7
3992 7
3998 7
3903 7
3907 7
3040 7
3031 7
3039 7
3022 7
3028 7
3013 7
3017 7
3060 7
3071 7
3079 7
3082 7
3088 7
3093 7
3097 7
3004 7
3006 7
2500 7
2410 7
2490 7
2401 7
2409 7
2320 7
2311 7
2319 7
2380 7
2391 7
2399 7
2302 7
2308 7
2230 7
2221 7
2229 7
2212 7
2218 7
2270 7
2281 7
2289 7
2292 7
2298 7
2203 7
2207 7
2140 7
2131 7
2139 7
2122 7
2128 7
2113 7
2117 7
2160 7
2171 7
2179 7
2182 7
2188 7
2193 7
2197 7
2104 7
2106 7
2610 7
2690 7
2601 7
2609 7
2720 7
2711 7
2719 7
2780 7
2791 7
2799 7
2702 7
2708 7
2830 7
2821 7
2829 7
2812 7
2818 7
2870 7
2881 7
2889 7
2892 7
2898 7
2803 7
2807 7
2940 7
2931 7
2939 7
2922 7
2928 7
2913 7
2917 7
2960 7
2971 7
2979 7
2982 7
2988 7
2993 7
2997 7
2904 7
2906 7
2050 7
2041 7
2049 7
2032 7
2038 7
2023 7
2027 7
2014 7
2016 7
2061 7
2069 7
2072 7
2078 7
2083 7
2087 7
2094 7
2096 7
2005 7
1510 7
1590 7
1501 7
1509 7
1420 7
1411 7
1419 7
1480 7
1491 7
1499 7
1402 7
1408 7
1330 7
1321 7
1329 7
1312 7
1318 7
1370 7
1381 7
1389 7
1392 7
1398 7
1303 7
1307 7
1240 7
1231 7
1239 7
1222 7
1228 7
1213 7
1217 7
1260 7
1271 7
1279 7
1282 7
1288 7
1293 7
1297 7
1204 7
1206 7
1150 7
1141 7
1149 7
1132 7
1138 7
1123 7
1127 7
1114 7
1116 7
1161 7
1169 7
1172 7
1178 7
1183 7
1187 7
1194 7
1196 7
1105 7
1620 7
1611 7
1619 7
1680 7
1691 7
1699 7
1602 7
1608 7
1730 7
1721 7
1729 7
1712 7
1718 7
1770 7
1781 7
1789 7
1792 7
1798 7
1703 7
1707 7
1840 7
1831 7
1839 7
1822 7
1828 7
1813 7
1817 7
1860 7
1871 7
1879 7
1882 7
1888 7
1893 7
1897 7
1804 7
1806 7
1950 7
1941 7
1949 7
1932 7
1938 7
1923 7
1927 7
1914 7
1916 7
1961 7
1969 7
1972 7
1978 7
1983 7
1987 7
1994 7
1996 7
1905 7
1051 7
1059 7
1042 7
1048 7
1033 7
1037 7
1024 7
1026 7
1015 7
1062 7
1068 7
1073 7
1077 7
1084 7
1086 7
1095 7
6300 7
6210 7
6290 7
6201 7
6209 7
6120 7
6111 7
6119 7
6180 7
6191 7
6199 7
6102 7
6108 7
6700 7
6810 7
6890 7
6801 7
6809 7
6920 7
6911 7
6919 7
6980 7
6991 7
6999 7
6902 7
6908 7
6030 7
6021 7
6029 7
6012 7
6018 7
6070 7
6081 7
6089 7
6092 7
6098 7
6003 7
6007 7
7400 7
7310 7
7390 7
7301 7
7309 7
7220 7
7211 7
7219 7
7280 7
7291 7
7299 7
7202 7
7208 7
7130 7
7121 7
7129 7
7112 7
7118 7
7170 7
7181 7
7189 7
7192 7
7198 7
7103 7
7107 7
7600 7
7710 7
7790 7
7701 7
7709 7
7820 7
7811 7
7819 7
7880 7
7891 7
7899 7
7802 7
7808 7
7930 7
7921 7
7929 7
7912 7
7918 7
7970 7
7981 7
7989 7
7992 7
7998 7
7903 7
7907 7
7040 7
7031 7
7039 7
7022 7
7028 7
7013 7
7017 7
7060 7
7071 7
7079 7
7082 7
7088 7
7093 7
7097 7
7004 7
7006 7
8500 7
8410 7
8490 7
8401 7
8409 7
8320 7
8311 7
8319 7
8380 7
8391 7
8399 7
8302 7
8308 7
8230 7
8221 7
8229 7
8212 7
8218 7
8270 7
8281 7
8289 7
8292 7
8298 7
8203 7
8207 7
8140 7
8131 7
8139 7
8122 7
8128 7
8113 7
8117 7
8160 7
8171 7
8179 7
8182 7
8188 7
8193 7
8197 7
8104 7
8106 7
8610 7
8690 7
8601 7
8609 7
8720 7
8711 7
8719 7
8780 7
8791 7
8799 7
8702 7
8708 7
8830 7
8821 7
8829 7
8812 7
8818 7
8870 7
8881 7
8889 7
8892 7
8898 7
8803 7
8807 7
8940 7
8931 7
8939 7
8922 7
8928 7
8913 7
8917 7
8960 7
8971 7
8979 7
8982 7
8988 7
8993 7
8997 7
8904 7
8906 7
8050 7
8041 7
8049 7
8032 7
8038 7
8023 7
8027 7
8014 7
8016 7
8061 7
8069 7
8072 7
8078 7
8083 7
8087 7
8094 7
8096 7
8005 7
9510 7
9590 7
9501 7
9509 7
9420 7
9411 7
9419 7
9480 7
9491 7
9499 7
9402 7
9408 7
9330 7
9321 7
9329 7
9312 7
9318 7
9370 7
9381 7
9389 7
9392 7
9398 7
9303 7
9307 7
9240 7
9231 7
9239 7
9222 7
9228 7
9213 7
9217 7
9260 7
9271 7
9279 7
9282 7
9288 7
9293 7
9297 7
9204 7
9206 7
9150 7
9141 7
9149 7
9132 7
9138 7
9123 7
9127 7
9114 7
9116 7
9161 7
9169 7
9172 7
9178 7
9183 7
9187 7
9194 7
9196 7
9105 7
9620 7
9611 7
9619 7
9680 7
9691 7
9699 7
9602 7
9608 7
9730 7
9721 7
9729 7
9712 7
9718 7
9770 7
9781 7
9789 7
9792 7
9798 7
9703 7
9707 7
9840 7
9831 7
9839 7
9822 7
9828 7
9813 7
9817 7
9860 7
9871 7
9879 7
9882 7
9888 7
9893 7
9897 7
9804 7
9806 7
9950 7
9941 7
9949 7
9932 7
9938 7
9923 7
9927 7
9914 7
9916 7
9961 7
9969 7
9972 7
9978 7
9983 7
9987 7
9994 7
9996 7
9905 7
9051 7
9059 7
9042 7
9048 7
9033 7
9037 7
9024 7
9026 7
9015 7
9062 7
9068 7
9073 7
9077 7
9084 7
9086 7
9095 7
0520 7
0511 7
0519 7
0580 7
0591 7
0599 7
0502 7
0508 7
0430 7
0421 7
0429 7
0412 7
0418 7
0470 7
0481 7
0489 7
0492 7
0498 7
0403 7
0407 7
0340 7
0331 7
0339 7
0322 7
0328 7
0313 7
0317 7
0360 7
0371 7
0379 7
0382 7
0388 7
0393 7
0397 7
0304 7
0306 7
0250 7
0241 7
0249 7
0232 7
0238 7
0223 7
0227 7
0214 7
0216 7
0261 7
0269 7
0272 7
0278 7
0283 7
0287 7
0294 7
0296 7
0205 7
0151 7
0159 7
0142 7
0148 7
0133 7
0137 7
0124 7
0126 7
0115 7
0162 7
0168 7
0173 7
0177 7
0184 7
0186 7
0195 7
0630 7
0621 7
0629 7
0612 7
0618 7
0670 7
0681 7
0689 7
0692 7
0698 7
0603 7
0607 7
0740 7
0731 7
0739 7
0722 7
0728 7
0713 7
0717 7
0760 7
0771 7
0779 7
0782 7
0788 7
0793 7
0797 7
0704 7
0706 7
0850 7
0841 7
0849 7
0832 7
0838 7
0823 7
0827 7
0814 7
0816 7
0861 7
0869 7
0872 7
0878 7
0883 7
0887 7
0894 7
0896 7
0805 7
0951 7
0959 7
0942 7
0948 7
0933 7
0937 7
0924 7
0926 7
0915 7
0962 7
0968 7
0973 7
0977 7
0984 7
0986 7
0995 7
0052 7
0058 7
0043 7
0047 7
0034 7
0036 7
0025 7
0063 7
0067 7
0074 7
0076 7
0085 7
5300 8
5210 8
5290 8
5201 8
5209 8
5120 8
5111 8
5119 8
5180 8
5191 8
5199 8
5102 8
5108 8
5700 8
5810 8
5890 8
5801 8
5809 8
5920 8
5911 8
5919 8
5980 8
5991 8
5999 8
5902 8
5908 8
5030 8
5021 8
5029 8
5012 8
5018 8
5070 8
5081 8
5089 8
5092 8
5098 8
5003 8
5007 8
4400 8
4310 8
4390 8
4301 8
4309 8
4220 8
4211 8
4219 8
4280 8
4291 8
4299 8
4202 8
4208 8
4130 8
4121 8
4129 8
4112 8
4118 8
4170 8
4181 8
4189 8
4192 8
4198 8
4103 8
4107 8
4600 8
4710 8
4790 8
4701 8
4709 8
4820 8
4811 8
4819 8
4880 8
4891 8
4899 8
4802 8
4808 8
4930 8
4921 8
4929 8
4912 8
4918 8
4970 8
4981 8
4989 8
4992 8
4998 8
4903 8
4907 8
4040 8
4031 8
4039 8
4022 8
4028 8
4013 8
4017 8
4060 8
4071 8
4079 8
4082 8
4088 8
4093 8
4097 8
4004 8
4006 8
3500 8
3410 8
3490 8
3401 8
3409 8
3320 8
3311 8
3319 8
3380 8
3391 8
3399 8
3302 8
3308 8
3230 8
3221 8
3229 8
3212 8
3218 8
3270 8
3281 8
3289 8
3292 8
3298 8
3203 8
3207 8
3140 8
3131 8
3139 8
3122 8
3128 8
3113 8
3117 8
3160 8
3171 8
3179 8
3182 8
3188 8
3193 8
3197 8
3104 8
3106 8
3610 8
3690 8
3601 8
3609 8
3720 8
3711 8
3719 8
3780 8
3791 8
3799 8
3702 8
3708 8
3830 8
3821 8
3829 8
3812 8
3818 8
3870 8
3881 8
3889 8
3892 8
3898 8
3803 8
3807 8
3940 8
3931 8
3939 8
3922 8
3928 8
3913 8
3917 8
3960 8
3971 8
3979 8
3982 8
3988 8
3993 8
3997 8
3904 8
3906 8
3050 8
3041 8
3049 8
3032 8
3038 8
3023 8
3027 8
3014 8
3016 8
3061 8
3069 8
3072 8
3078 8
3083 8
3087 8
3094 8
3096 8
3005 8
2510 8
2590 8
2501 8
2509 8
2420 8
2411 8
2419 8
2480 8
2491 8
2499 8
2402 8
2408 8
2330 8
2321 8
2329 8
2312 8
2318 8
2370 8
2381 8
2389 8
2392 8
2398 8
2303 8
2307 8
2240 8
2231 8
2239 8
2222 8
2228 8
2213 8
2217 8
2260 8
2271 8
2279 8
2282 8
2288 8
2293 8
2297 8
2204 8
2206 8
2150 8
2141 8
2149 8
2132 8
2138 8
2123 8
2127 8
2114 8
2116 8
2161 8
2169 8
2172 8
2178 8
2183 8
2187 8
2194 8
2196 8
2105 8
2620 8
2611 8
2619 8
2680 8
2691 8
2699 8
2602 8
2608 8
2730 8
2721 8
2729 8
2712 8
2718 8
2770 8
2781 8
2789 8
2792 8
2798 8
2703 8
2707 8
2840 8
2831 8
2839 8
2822 8
2828 8
2813 8
2817 8
2860 8
2871 8
2879 8
2882 8
2888 8
2893 8
2897 8
2804 8
2806 8
2950 8
2941 8
2949 8
2932 8
2938 8
2923 8
2927 8
2914 8
2916 8
2961 8
2969 8
2972 8
2978 8
2983 8
2987 8
2994 8
2996 8
2905 8
2051 8
2059 8
2042 8
2048 8
2033 8
2037 8
2024 8
2026 8
2015 8
2062 8
2068 8
2073 8
2077 8
2084 8
2086 8
2095 8
1520 8
1511 8
1519 8
1580 8
1591 8
1599 8
1502 8
1508 8
1430 8
1421 8
1429 8
1412 8
1418 8
1470 8
1481 8
1489 8
1492 8
1498 8
1403 8
1407 8
1340 8
1331 8
1339 8
1322 8
1328 8
1313 8
1317 8
1360 8
1371 8
1379 8
1382 8
1388 8
1393 8
1397 8
1304 8
1306 8
1250 8
1241 8
1249 8
1232 8
1238 8
1223 8
1227 8
1214 8
1216 8
1261 8
1269 8
1272 8
1278 8
1283 8
1287 8
1294 8
1296 8
1205 8
1151 8
1159 8
1142 8
1148 8
1133 8
1137 8
1124 8
1126 8
1115 8
1162 8
1168 8
1173 8
1177 8
1184 8
1186 8
1195 8
1630 8
1621 8
1629 8
1612 8
1618 8
1670 8
1681 8
1689 8
1692 8
1698 8
1603 8
1607 8
1740 8
1731 8
1739 8
1722 8
1728 8
1713 8
1717 8
1760 8
1771 8
1779 8
1782 8
1788 8
1793 8
1797 8
1704 8
1706 8
1850 8
1841 8
1849 8
1832 8
1838 8
1823 8
1827 8
1814 8
1816 8
1861 8
1869 8
1872 8
1878 8
1883 8
1887 8
1894 8
1896 8
1805 8
1951 8
1959 8
1942 8
1948 8
1933 8
1937 8
1924 8
1926 8
1915 8
1962 8
1968 8
1973 8
1977 8
1984 8
1986 8
1995 8
1052 8
1058 8
1043 8
1047 8
1034 8
1036 8
1025 8
1063 8
1067 8
1074 8
1076 8
1085 8
6400 8
6310 8
6390 8
6301 8
6309 8
6220 8
6211 8
6219 8
6280 8
6291 8
6299 8
6202 8
6208 8
6130 8
6121 8
6129 8
6112 8
6118 8
6170 8
6181 8
6189 8
6192 8
6198 8
6103 8
6107 8
6600 8
6710 8
6790 8
6701 8
6709 8
6820 8
6811 8
6819 8
6880 8
6891 8
6899 8
6802 8
6808 8
6930 8
6921 8
6929 8
6912 8
6918 8
6970 8
6981 8
6989 8
6992 8
6998 8
6903 8
6907 8
6040 8
6031 8
6039 8
6022 8
6028 8
6013 8
6017 8
6060 8
6071 8
6079 8
6082 8
6088 8
6093 8
6097 8
6004 8
6006 8
7500 8
7410 8
7490 8
7401 8
7409 8
7320 8
7311 8
7319 8
7380 8
7391 8
7399 8
7302 8
7308 8
7230 8
7221 8
7229 8
7212 8
7218 8
7270 8
7281 8
7289 8
7292 8
7298 8
7203 8
7207 8
7140 8
7131 8
7139 8
7122 8
7128 8
7113 8
7117 8
7160 8
7171 8
7179 8
7182 8
7188 8
7193 8
7197 8
7104 8
7106 8
7610 8
7690 8
7601 8
7609 8
7720 8
7711 8
7719 8
7780 8
7791 8
7799 8
7702 8
7708 8
7830 8
7821 8
7829 8
7812 8
7818 8
7870 8
7881 8
7889 8
7892 8
7898 8
7803 8
7807 8
7940 8
7931 8
7939 8
7922 8
7928 8
7913 8
7917 8
7960 8
7971 8
7979 8
7982 8
7988 8
7993 8
7997 8
7904 8
7906 8
7050 8
7041 8
7049 8
7032 8
7038 8
7023 8
7027 8
7014 8
7016 8
7061 8
7069 8
7072 8
7078 8
7083 8
7087 8
7094 8
7096 8
7005 8
8510 8
8590 8
8501 8
8509 8
8420 8
8411 8
8419 8
8480 8
8491 8
8499 8
8402 8
8408 8
8330 8
8321 8
8329 8
8312 8
8318 8
8370 8
8381 8
8389 8
8392 8
8398 8
8303 8
8307 8
8240 8
8231 8
8239 8
8222 8
8228 8
8213 8
8217 8
8260 8
8271 8
8279 8
8282 8
8288 8
8293 8
8297 8
8204 8
8206 8
8150 8
8141 8
8149 8
8132 8
8138 8
8123 8
8127 8
8114 8
8116 8
8161 8
8169 8
8172 8
8178 8
8183 8
8187 8
8194 8
8196 8
8105 8
8620 8
8611 8
8619 8
8680 8
8691 8
8699 8
8602 8
8608 8
8730 8
8721 8
8729 8
8712 8
8718 8
8770 8
8781 8
8789 8
8792 8
8798 8
8703 8
8707 8
8840 8
8831 8
8839 8
8822 8
8828 8
8813 8
8817 8
8860 8
8871 8
8879 8
8882 8
8888 8
8893 8
8897 8
8804 8
8806 8
8950 8
8941 8
8949 8
8932 8
8938 8
8923 8
8927 8
8914 8
8916 8
8961 8
8969 8
8972 8
8978 8
8983 8
8987 8
8994 8
8996 8
8905 8
8051 8
8059 8
8042 8
8048 8
8033 8
8037 8
8024 8
8026 8
8015 8
8062 8
8068 8
8073 8
8077 8
8084 8
8086 8
8095 8
9520 8
9511 8
9519 8
9580 8
9591 8
9599 8
9502 8
9508 8
9430 8
9421 8
9429 8
9412 8
9418 8
9470 8
9481 8
9489 8
9492 8
9498 8
9403 8
9407 8
9340 8
9331 8
9339 8
9322 8
9328 8
9313 8
9317 8
9360 8
9371 8
9379 8
9382 8
9388 8
9393 8
9397 8
9304 8
9306 8
9250 8
9241 8
9249 8
9232 8
9238 8
9223 8
9227 8
9214 8
9216 8
9261 8
9269 8
9272 8
9278 8
9283 8
9287 8
9294 8
9296 8
9205 8
9151 8
9159 8
9142 8
9148 8
9133 8
9137 8
9124 8
9126 8
9115 8
9162 8
9168 8
9173 8
9177 8
9184 8
9186 8
9195 8
9630 8
9621 8
9629 8
9612 8
9618 8
9670 8
9681 8
9689 8
9692 8
9698 8
9603 8
9607 8
9740 8
9731 8
9739 8
9722 8
9728 8
9713 8
9717 8
9760 8
9771 8
9779 8
9782 8
9788 8
9793 8
9797 8
9704 8
9706 8
9850 8
9841 8
9849 8
9832 8
9838 8
9823 8
9827 8
9814 8
9816 8
9861 8
9869 8
9872 8
9878 8
9883 8
9887 8
9894 8
9896 8
9805 8
9951 8
9959 8
9942 8
9948 8
9933 8
9937 8
9924 8
9926 8
9915 8
9962 8
9968 8
9973 8
9977 8
9984 8
9986 8
9995 8
9052 8
9058 8
9043 8
9047 8
9034 8
9036 8
9025 8
9063 8
9067 8
9074 8
9076 8
9085 8
0530 8
0521 8
0529 8
0512 8
0518 8
0570 8
0581 8
0589 8
0592 8
0598 8
0503 8
0507 8
0440 8
0431 8
0439 8
0422 8
0428 8
0413 8
0417 8
0460 8
0471 8
0479 8
0482 8
0488 8
0493 8
0497 8
0404 8
0406 8
0350 8
0341 8
0349 8
0332 8
0338 8
0323 8
0327 8
0314 8
0316 8
0361 8
0369 8
0372 8
0378 8
0383 8
0387 8
0394 8
0396 8
0305 8
0251 8
0259 8
0242 8
0248 8
0233 8
0237 8
0224 8
0226 8
0215 8
0262 8
0268 8
0273 8
0277 8
0284 8
0286 8
0295 8
0152 8
0158 8
0143 8
0147 8
0134 8
0136 8
0125 8
0163 8
0167 8
0174 8
0176 8
0185 8
0640 8
0631 8
0639 8
0622 8
0628 8
0613 8
0617 8
0660 8
0671 8
0679 8
0682 8
0688 8
0693 8
0697 8
0604 8
0606 8
0750 8
0741 8
0749 8
0732 8
0738 8
0723 8
0727 8
0714 8
0716 8
0761 8
0769 8
0772 8
0778 8
0783 8
0787 8
0794 8
0796 8
0705 8
0851 8
0859 8
0842 8
0848 8
0833 8
0837 8
0824 8
0826 8
0815 8
0862 8
0868 8
0873 8
0877 8
0884 8
0886 8
0895 8
0952 8
0958 8
0943 8
0947 8
0934 8
0936 8
0925 8
0963 8
0967 8
0974 8
0976 8
0985 8
0053 8
0057 8
0044 8
0046 8
0035 8
0064 8
0066 8
0075 8
5400 9
5310 9
5390 9
5301 9
5309 9
5220 9
5211 9
5219 9
5280 9
5291 9
5299 9
5202 9
5208 9
5130 9
5121 9
5129 9
5112 9
5118 9
5170 9
5181 9
5189 9
5192 9
5198 9
5103 9
5107 9
5600 9
5710 9
5790 9
5701 9
5709 9
5820 9
5811 9
5819 9
5880 9
5891 9
5899 9
5802 9
5808 9
5930 9
5921 9
5929 9
5912 9
5918 9
5970 9
5981 9
5989 9
5992 9
5998 9
5903 9
5907 9
5040 9
5031 9
5039 9
5022 9
5028 9
5013 9
5017 9
5060 9
5071 9
5079 9
5082 9
5088 9
5093 9
5097 9
5004 9
5006 9
4500 9
4410 9
4490 9
4401 9
4409 9
4320 9
4311 9
4319 9
4380 9
4391 9
4399 9
4302 9
4308 9
4230 9
4221 9
4229 9
4212 9
4218 9
4270 9
4281 9
4289 9
4292 9
4298 9
4203 9
4207 9
4140 9
4131 9
4139 9
4122 9
4128 9
4113 9
4117 9
4160 9
4171 9
4179 9
4182 9
4188 9
4193 9
4197 9
4104 9
4106 9
4610 9
4690 9
4601 9
4609 9
4720 9
4711 9
4719 9
4780 9
4791 9
4799 9
4702 9
4708 9
4830 9
4821 9
4829 9
4812 9
4818 9
4870 9
4881 9
4889 9
4892 9
4898 9
4803 9
4807 9
4940 9
4931 9
4939 9
4922 9
4928 9
4913 9
4917 9
4960 9
4971 9
4979 9
4982 9
4988 9
4993 9
4997 9
4904 9
4906 9
4050 9
4041 9
4049 9
4032 9
4038 9
4023 9
4027 9
4014 9
4016 9
4061 9
4069 9
4072 9
4078 9
4083 9
4087 9
4094 9
4096 9
4005 9
3510 9
3590 9
3501 9
3509 9
3420 9
3411 9
3419 9
3480 9
3491 9
3499 9
3402 9
3408 9
3330 9
3321 9
3329 9
3312 9
3318 9
3370 9
3381 9
3389 9
3392 9
3398 9
3303 9
3307 9
3240 9
3231 9
3239 9
3222 9
3228 9
3213 9
3217 9
3260 9
3271 9
3279 9
3282 9
3288 9
3293 9
3297 9
3204 9
3206 9
3150 9
3141 9
3149 9
3132 9
3138 9
3123 9
3127 9
3114 9
3116 9
3161 9
3169 9
3172 9
3178 9
3183 9
3187 9
3194 9
3196 9
3105 9
3620 9
3611 9
3619 9
3680 9
3691 9
3699 9
3602 9
3608 9
3730 9
3721 9
3729 9
3712 9
3718 9
3770 9
3781 9
3789 9
3792 9
3798 9
3703 9
3707 9
3840 9
3831 9
3839 9
3822 9
3828 9
3813 9
3817 9
3860 9
3871 9
3879 9
3882 9
3888 9
3893 9
3897 9
3804 9
3806 9
3950 9
3941 9
3949 9
3932 9
3938 9
3923 9
3927 9
3914 9
3916 9
3961 9
3969 9
3972 9
3978 9
3983 9
3987 9
3994 9
3996 9
3905 9
3051 9
3059 9
3042 9
3048 9
3033 9
3037 9
3024 9
3026 9
3015 9
3062 9
3068 9
3073 9
3077 9
3084 9
3086 9
3095 9
2520 9
2511 9
2519 9
2580 9
2591 9
2599 9
2502 9
2508 9
2430 9
2421 9
2429 9
2412 9
2418 9
2470 9
2481 9
2489 9
2492 9
2498 9
2403 9
2407 9
2340 9
2331 9
2339 9
2322 9
2328 9
2313 9
2317 9
2360 9
2371 9
2379 9
2382 9
2388 9
2393 9
2397 9
2304 9
2306 9
2250 9
2241 9
2249 9
2232 9
2238 9
2223 9
2227 9
2214 9
2216 9
2261 9
2269 9
2272 9
2278 9
2283 9
2287 9
2294 9
2296 9
2205 9
2151 9
2159 9
2142 9
2148 9
2133 9
2137 9
2124 9
2126 9
2115 9
2162 9
2168 9
2173 9
2177 9
2184 9
2186 9
2195 9
2630 9
2621 9
2629 9
2612 9
2618 9
2670 9
2681 9
2689 9
2692 9
2698 9
2603 9
2607 9
2740 9
2731 9
2739 9
2722 9
2728 9
2713 9
2717 9
2760 9
2771 9
2779 9
2782 9
2788 9
2793 9
2797 9
2704 9
2706 9
2850 9
2841 9
2849 9
2832 9
2838 9
2823 9
2827 9
2814 9
2816 9
2861 9
2869 9
2872 9
2878 9
2883 9
2887 9
2894 9
2896 9
2805 9
2951 9
2959 9
2942 9
2948 9
2933 9
2937 9
2924 9
2926 9
2915 9
2962 9
2968 9
2973 9
2977 9
2984 9
2986 9
2995 9
2052 9
2058 9
2043 9
2047 9
2034 9
2036 9
2025 9
2063 9
2067 9
2074 9
2076 9
2085 9
1530 9
1521 9
1529 9
1512 9
1518 9
1570 9
1581 9
1589 9
1592 9
1598 9
1503 9
1507 9
1440 9
1431 9
1439 9
1422 9
1428 9
1413 9
1417 9
1460 9
1471 9
1479 9
1482 9
1488 9
1493 9
1497 9
1404 9
1406 9
1350 9
1341 9
1349 9
1332 9
1338 9
1323 9
1327 9
1314 9
1316 9
1361 9
1369 9
1372 9
1378 9
1383 9
1387 9
1394 9
1396 9
1305 9
1251 9
1259 9
1242 9
1248 9
1233 9
1237 9
1224 9
1226 9
1215 9
1262 9
1268 9
1273 9
1277 9
1284 9
1286 9
1295 9
1152 9
1158 9
1143 9
1147 9
1134 9
1136 9
1125 9
1163 9
1167 9
1174 9
1176 9
1185 9
1640 9
1631 9
1639 9
1622 9
1628 9
1613 9
1617 9
1660 9
1671 9
1679 9
1682 9
1688 9
1693 9
1697 9
1604 9
1606 9
1750 9
1741 9
1749 9
1732 9
1738 9
1723 9
1727 9
1714 9
1716 9
1761 9
1769 9
1772 9
1778 9
1783 9
1787 9
1794 9
1796 9
1705 9
1851 9
1859 9
1842 9
1848 9
1833 9
1837 9
1824 9
1826 9
1815 9
1862 9
1868 9
1873 9
1877 9
1884 9
1886 9
1895 9
1952 9
1958 9
1943 9
1947 9
1934 9
1936 9
1925 9
1963 9
1967 9
1974 9
1976 9
1985 9
1053 9
1057 9
1044 9
1046 9
1035 9
1064 9
1066 9
1075 9
6500 9
6410 9
6490 9
6401 9
6409 9
6320 9
6311 9
6319 9
6380 9
6391 9
6399 9
6302 9
6308 9
6230 9
6221 9
6229 9
6212 9
6218 9
6270 9
6281 9
6289 9
6292 9
6298 9
6203 9
6207 9
6140 9
6131 9
6139 9
6122 9
6128 9
6113 9
6117 9
6160 9
6171 9
6179 9
6182 9
6188 9
6193 9
6197 9
6104 9
6106 9
6610 9
6690 9
6601 9
6609 9
6720 9
6711 9
6719 9
6780 9
6791 9
6799 9
6702 9
6708 9
6830 9
6821 9
6829 9
6812 9
6818 9
6870 9
6881 9
6889 9
6892 9
6898 9
6803 9
6807 9
6940 9
6931 9
6939 9
6922 9
6928 9
6913 9
6917 9
6960 9
6971 9
6979 9
6982 9
6988 9
6993 9
6997 9
6904 9
6906 9
6050 9
6041 9
6049 9
6032 9
6038 9
6023 9
6027 9
6014 9
6016 9
6061 9
6069 9
6072 9
6078 9
6083 9
6087 9
6094 9
6096 9
6005 9
7510 9
7590 9
7501 9
7509 9
7420 9
7411 9
7419 9
7480 9
7491 9
7499 9
7402 9
7408 9
7330 9
7321 9
7329 9
7312 9
7318 9
7370 9
7381 9
7389 9
7392 9
7398 9
7303 9
7307 9
7240 9
7231 9
7239 9
7222 9
7228 9
7213 9
7217 9
7260 9
7271 9
7279 9
7282 9
7288 9
7293 9
7297 9
7204 9
7206 9
7150 9
7141 9
7149 9
7132 9
7138 9
7123 9
7127 9
7114 9
7116 9
7161 9
7169 9
7172 9
7178 9
7183 9
7187 9
7194 9
7196 9
7105 9
7620 9
7611 9
7619 9
7680 9
7691 9
7699 9
7602 9
7608 9
7730 9
7721 9
7729 9
7712 9
7718 9
7770 9
7781 9
7789 9
7792 9
7798 9
7703 9
7707 9
7840 9
7831 9
7839 9
7822 9
7828 9
7813 9
7817 9
7860 9
7871 9
7879 9
7882 9
7888 9
7893 9
7897 9
7804 9
7806 9
7950 9
7941 9
7949 9
7932 9
7938 9
7923 9
7927 9
7914 9
7916 9
7961 9
7969 9
7972 9
7978 9
7983 9
7987 9
7994 9
7996 9
7905 9
7051 9
7059 9
7042 9
7048 9
7033 9
7037 9
7024 9
7026 9
7015 9
7062 9
7068 9
7073 9
7077 9
7084 9
7086 9
7095 9
8520 9
8511 9
8519 9
8580 9
8591 9
8599 9
8502 9
8508 9
8430 9
8421 9
8429 9
8412 9
8418 9
8470 9
8481 9
8489 9
8492 9
8498 9
8403 9
8407 9
8340 9
8331 9
8339 9
8322 9
8328 9
8313 9
8317 9
8360 9
8371 9
8379 9
8382 9
8388 9
8393 9
8397 9
8304 9
8306 9
8250 9
8241 9
8249 9
8232 9
8238 9
8223 9
8227 9
8214 9
8216 9
8261 9
8269 9
8272 9
8278 9
8283 9
8287 9
8294 9
8296 9
8205 9
8151 9
8159 9
8142 9
8148 9
8133 9
8137 9
8124 9
8126 9
8115 9
8162 9
8168 9
8173 9
8177 9
8184 9
8186 9
8195 9
8630 9
8621 9
8629 9
8612 9
8618 9
8670 9
8681 9
8689 9
8692 9
8698 9
8603 9
8607 9
8740 9
8731 9
8739 9
8722 9
8728 9
8713 9
8717 9
8760 9
8771 9
8779 9
8782 9
8788 9
8793 9
8797 9
8704 9
8706 9
8850 9
8841 9
8849 9
8832 9
8838 9
8823 9
8827 9
8814 9
8816 9
8861 9
8869 9
8872 9
8878 9
8883 9
8
